2024-10-16 13:56:52 - [32minfo[39m: [32mO servidor esta rodando na porta: 3000[39m
2024-10-16 13:59:01 - [32minfo[39m: [32mConnectado com sucesso ao banco de dados[39m
2024-10-16 13:59:01 - [32minfo[39m: [32mO servidor esta rodando na porta: 3000[39m
2024-10-16 14:00:03 - [31merror[39m: [31mNão foi possivel connectar [39m
2024-10-16 14:00:03 - [31merror[39m: [31mError: Error: querySrv ENOTFOUND _mongodb._tcp.cluster0.w8bo.mongodb.net[39m
2024-10-16 14:00:03 - [32minfo[39m: [32mO servidor esta rodando na porta: 3000[39m
2024-10-16 14:00:11 - [32minfo[39m: [32mConnectado com sucesso ao banco de dados[39m
2024-10-16 14:00:11 - [32minfo[39m: [32mO servidor esta rodando na porta: 3000[39m
2024-10-16 14:01:02 - [32minfo[39m: [32mConnectado com sucesso ao banco de dados[39m
2024-10-16 14:01:02 - [32minfo[39m: [32mO servidor esta rodando na porta: 3000[39m
2024-10-16 14:01:14 - [31merror[39m: [31mNão foi possivel connectar [39m
2024-10-16 14:01:24 - [32minfo[39m: [32mConnectado com sucesso ao banco de dados[39m
2024-10-16 14:01:24 - [32minfo[39m: [32mO servidor esta rodando na porta: 3000[39m
2024-10-18 15:56:01 - [32minfo[39m: [32mConnectado com sucesso ao banco de dados[39m
2024-10-18 15:56:01 - [32minfo[39m: [32mO servidor esta rodando na porta: 3000[39m
2024-10-21 10:13:22 - [32minfo[39m: [32mConnectado com sucesso ao banco de dados[39m
2024-10-21 10:13:22 - [32minfo[39m: [32mO servidor esta rodando na porta: 3000[39m
2024-10-21 11:03:24 - [32minfo[39m: [32mConnectado com sucesso ao banco de dados[39m
2024-10-21 11:03:24 - [32minfo[39m: [32mO servidor esta rodando na porta: 3000[39m
2024-10-21 11:03:55 - [32minfo[39m: [32mConnectado com sucesso ao banco de dados[39m
2024-10-21 11:03:55 - [32minfo[39m: [32mO servidor esta rodando na porta: 3000[39m
2024-10-21 11:06:04 - [32minfo[39m: [32mConnectado com sucesso ao banco de dados[39m
2024-10-21 11:06:04 - [32minfo[39m: [32mO servidor esta rodando na porta: 3000[39m
2024-10-21 11:07:02 - [32minfo[39m: [32mConnectado com sucesso ao banco de dados[39m
2024-10-21 11:07:02 - [32minfo[39m: [32mO servidor esta rodando na porta: 3000[39m
2024-10-21 11:08:13 - [32minfo[39m: [32mConnectado com sucesso ao banco de dados[39m
2024-10-21 11:08:13 - [32minfo[39m: [32mO servidor esta rodando na porta: 3000[39m
2024-10-21 11:09:04 - [32minfo[39m: [32mConnectado com sucesso ao banco de dados[39m
2024-10-21 11:09:04 - [32minfo[39m: [32mO servidor esta rodando na porta: 3000[39m
2024-10-21 11:09:08 - [35mhttp[39m: [35mGET /api/teste 200 - - 1.889 ms[39m
[35m[39m
2024-10-21 11:37:26 - [35mhttp[39m: [35mPOST /api/api/movie 404 - - 1.595 ms[39m
[35m[39m
2024-10-21 11:38:07 - [35mhttp[39m: [35mPOST /api/movie 404 - - 0.398 ms[39m
[35m[39m
2024-10-21 11:43:40 - [35mhttp[39m: [35mPOST /api/movie 404 - - 0.457 ms[39m
[35m[39m
2024-10-21 11:44:07 - [35mhttp[39m: [35mPOST /api//movie 404 - - 0.318 ms[39m
[35m[39m
2024-10-21 11:50:12 - [35mhttp[39m: [35mPOST /api/movie 404 - - 0.278 ms[39m
[35m[39m
2024-10-21 11:50:13 - [35mhttp[39m: [35mPOST /api/movie 404 - - 0.365 ms[39m
[35m[39m
2024-10-21 12:11:42 - [32minfo[39m: [32mConnectado com sucesso ao banco de dados[39m
2024-10-21 12:11:42 - [32minfo[39m: [32mO servidor esta rodando na porta: 3000[39m
2024-10-21 12:11:51 - [35mhttp[39m: [35mPOST /api/movie 200 - - 2.020 ms[39m
[35m[39m
2024-10-21 12:12:11 - [35mhttp[39m: [35mPOST /api/movie 200 - - 1.640 ms[39m
[35m[39m
2024-10-21 12:12:14 - [35mhttp[39m: [35mPOST /api/movie 200 - - 0.385 ms[39m
[35m[39m
2024-10-21 14:28:02 - [32minfo[39m: [32mConnectado com sucesso ao banco de dados[39m
2024-10-21 14:28:02 - [32minfo[39m: [32mO servidor esta rodando na porta: 3000[39m
2024-10-21 14:29:47 - [32minfo[39m: [32mConnectado com sucesso ao banco de dados[39m
2024-10-21 14:29:47 - [32minfo[39m: [32mO servidor esta rodando na porta: 3000[39m
2024-10-21 14:31:23 - [35mhttp[39m: [35mPOST /api/movie 201 - - 1392.088 ms[39m
[35m[39m
2024-10-21 14:35:28 - [35mhttp[39m: [35mPOST /api/movie 201 - - 1397.267 ms[39m
[35m[39m
2024-10-21 14:35:30 - [35mhttp[39m: [35mPOST /api/movie 201 - - 456.582 ms[39m
[35m[39m
2024-10-21 14:35:31 - [35mhttp[39m: [35mPOST /api/movie 201 - - 474.216 ms[39m
[35m[39m
2024-10-21 14:36:45 - [32minfo[39m: [32mConnectado com sucesso ao banco de dados[39m
2024-10-21 14:36:45 - [32minfo[39m: [32mO servidor esta rodando na porta: 3000[39m
2024-10-21 14:38:42 - [32minfo[39m: [32mConnectado com sucesso ao banco de dados[39m
2024-10-21 14:38:42 - [32minfo[39m: [32mO servidor esta rodando na porta: 3000[39m
2024-10-21 14:42:11 - [35mhttp[39m: [35mPOST /api/movie 201 - - 475.681 ms[39m
[35m[39m
